<?xml version="1.0" encoding="UTF-8"?>
<!-- Generated by org.testng.reporters.JUnitReportReporter -->
<testsuite hostname="Tanvir-ACER" failures="0" tests="1" name="com.webappsecurity.zero.TestSccripts.VerifyInvalidLoginTest" time="1.738" errors="0" timestamp="2020-08-27T12:25:29 PDT" skipped="0">
  <testcase classname="com.webappsecurity.zero.TestSccripts.VerifyInvalidLoginTest" name="isErrormsgdisplayed" time="1.738"/>
</testsuite> <!-- com.webappsecurity.zero.TestSccripts.VerifyInvalidLoginTest -->
